<?xml version="1.0" encoding="UTF-8"?>
<!-- Generated by org.testng.reporters.JUnitXMLReporter -->
<testsuite ignored="0" hostname="DESKTOP-TE0O48I" failures="0" tests="5" name="Smoke Tests" time="28.908" errors="0" timestamp="2026-02-08T21:44:28 CST">
  <testcase classname="com.orangehrm.tests.LoginTest" name="blankLoginShouldShowRequiredValidation" time="1.165"/>
  <testcase classname="com.orangehrm.tests.LoginTest" name="invalidLoginShouldShowError" time="2.173"/>
  <testcase classname="com.orangehrm.tests.LoginTest" name="validLoginShouldGoToDashboard" time="2.604"/>
  <testcase classname="com.orangehrm.tests.LoginTest" name="validUserInvalidPasswordShouldFail" time="2.824"/>
  <testcase classname="com.orangehrm.tests.MyInfoTest" name="verifyMyInfoPageDetails" time="2.139"/>
</testsuite> <!-- Smoke Tests -->
