<?xml version="1.0" encoding="UTF-8"?>
<testng-results ignored="0" total="5" passed="5" failed="0" skipped="0">
  <reporter-output>
  </reporter-output>
  <suite started-at="2026-02-08T21:43:59 CST" name="Selenium TestNG Suite" finished-at="2026-02-08T21:44:28 CST" duration-ms="28908">
    <groups>
    </groups>
    <test started-at="2026-02-08T21:43:59 CST" name="Smoke Tests" finished-at="2026-02-08T21:44:28 CST" duration-ms="28908">
      <class name="com.orangehrm.tests.MyInfoTest">
        <test-method is-config="true" signature="setup()[pri:0, instance:com.orangehrm.tests.MyInfoTest@3bb9a3ff]" started-at="2026-02-08T21:44:20 CST" name="setup" finished-at="2026-02-08T21:44:25 CST" duration-ms="5453" status="PASS">
          <reporter-output>
          </reporter-output>
        </test-method> <!-- setup -->
        <test-method signature="verifyMyInfoPageDetails()[pri:0, instance:com.orangehrm.tests.MyInfoTest@3bb9a3ff]" started-at="2026-02-08T21:44:25 CST" name="verifyMyInfoPageDetails" finished-at="2026-02-08T21:44:27 CST" duration-ms="2139" status="PASS">
          <reporter-output>
          </reporter-output>
        </test-method> <!-- verifyMyInfoPageDetails -->
        <test-method is-config="true" signature="tearDown()[pri:0, instance:com.orangehrm.tests.MyInfoTest@3bb9a3ff]" started-at="2026-02-08T21:44:27 CST" name="tearDown" finished-at="2026-02-08T21:44:28 CST" duration-ms="148" status="PASS">
          <reporter-output>
          </reporter-output>
        </test-method> <!-- tearDown -->
      </class> <!-- com.orangehrm.tests.MyInfoTest -->
      <class name="com.orangehrm.tests.LoginTest">
        <test-method is-config="true" signature="setup()[pri:0, instance:com.orangehrm.tests.LoginTest@50eac852]" started-at="2026-02-08T21:43:59 CST" name="setup" finished-at="2026-02-08T21:44:02 CST" duration-ms="3568" status="PASS">
          <reporter-output>
          </reporter-output>
        </test-method> <!-- setup -->
        <test-method signature="blankLoginShouldShowRequiredValidation()[pri:0, instance:com.orangehrm.tests.LoginTest@50eac852]" started-at="2026-02-08T21:44:02 CST" name="blankLoginShouldShowRequiredValidation" finished-at="2026-02-08T21:44:03 CST" duration-ms="1165" status="PASS">
          <reporter-output>
          </reporter-output>
        </test-method> <!-- blankLoginShouldShowRequiredValidation -->
        <test-method is-config="true" signature="tearDown()[pri:0, instance:com.orangehrm.tests.LoginTest@50eac852]" started-at="2026-02-08T21:44:03 CST" name="tearDown" finished-at="2026-02-08T21:44:04 CST" duration-ms="139" status="PASS">
          <reporter-output>
          </reporter-output>
        </test-method> <!-- tearDown -->
        <test-method is-config="true" signature="setup()[pri:0, instance:com.orangehrm.tests.LoginTest@50eac852]" started-at="2026-02-08T21:44:04 CST" name="setup" finished-at="2026-02-08T21:44:06 CST" duration-ms="2697" status="PASS">
          <reporter-output>
          </reporter-output>
        </test-method> <!-- setup -->
        <test-method signature="invalidLoginShouldShowError()[pri:0, instance:com.orangehrm.tests.LoginTest@50eac852]" started-at="2026-02-08T21:44:06 CST" name="invalidLoginShouldShowError" finished-at="2026-02-08T21:44:08 CST" duration-ms="2173" status="PASS">
          <reporter-output>
          </reporter-output>
        </test-method> <!-- invalidLoginShouldShowError -->
        <test-method is-config="true" signature="tearDown()[pri:0, instance:com.orangehrm.tests.LoginTest@50eac852]" started-at="2026-02-08T21:44:08 CST" name="tearDown" finished-at="2026-02-08T21:44:09 CST" duration-ms="139" status="PASS">
          <reporter-output>
          </reporter-output>
        </test-method> <!-- tearDown -->
        <test-method is-config="true" signature="setup()[pri:0, instance:com.orangehrm.tests.LoginTest@50eac852]" started-at="2026-02-08T21:44:09 CST" name="setup" finished-at="2026-02-08T21:44:11 CST" duration-ms="2702" status="PASS">
          <reporter-output>
          </reporter-output>
        </test-method> <!-- setup -->
        <test-method signature="validLoginShouldGoToDashboard()[pri:0, instance:com.orangehrm.tests.LoginTest@50eac852]" started-at="2026-02-08T21:44:11 CST" name="validLoginShouldGoToDashboard" finished-at="2026-02-08T21:44:14 CST" duration-ms="2604" status="PASS">
          <reporter-output>
          </reporter-output>
        </test-method> <!-- validLoginShouldGoToDashboard -->
        <test-method is-config="true" signature="tearDown()[pri:0, instance:com.orangehrm.tests.LoginTest@50eac852]" started-at="2026-02-08T21:44:14 CST" name="tearDown" finished-at="2026-02-08T21:44:14 CST" duration-ms="140" status="PASS">
          <reporter-output>
          </reporter-output>
        </test-method> <!-- tearDown -->
        <test-method is-config="true" signature="setup()[pri:0, instance:com.orangehrm.tests.LoginTest@50eac852]" started-at="2026-02-08T21:44:14 CST" name="setup" finished-at="2026-02-08T21:44:17 CST" duration-ms="2825" status="PASS">
          <reporter-output>
          </reporter-output>
        </test-method> <!-- setup -->
        <test-method signature="validUserInvalidPasswordShouldFail()[pri:0, instance:com.orangehrm.tests.LoginTest@50eac852]" started-at="2026-02-08T21:44:17 CST" name="validUserInvalidPasswordShouldFail" finished-at="2026-02-08T21:44:20 CST" duration-ms="2824" status="PASS">
          <reporter-output>
          </reporter-output>
        </test-method> <!-- validUserInvalidPasswordShouldFail -->
        <test-method is-config="true" signature="tearDown()[pri:0, instance:com.orangehrm.tests.LoginTest@50eac852]" started-at="2026-02-08T21:44:20 CST" name="tearDown" finished-at="2026-02-08T21:44:20 CST" duration-ms="142" status="PASS">
          <reporter-output>
          </reporter-output>
        </test-method> <!-- tearDown -->
      </class> <!-- com.orangehrm.tests.LoginTest -->
    </test> <!-- Smoke Tests -->
  </suite> <!-- Selenium TestNG Suite -->
</testng-results>
