<?xml version="1.0" encoding="UTF-8"?>
<!-- Generated by org.testng.reporters.JUnitReportReporter -->
<testsuite hostname="DESKTOP-TE0O48I" failures="0" tests="4" name="com.orangehrm.tests.LoginTest" time="21.118" errors="0" timestamp="2026-02-08T21:44:28 CST" skipped="0">
  <testcase classname="com.orangehrm.tests.LoginTest" name="validLoginShouldGoToDashboard" time="6.311"/>
  <testcase classname="com.orangehrm.tests.LoginTest" name="validUserInvalidPasswordShouldFail" time="5.788"/>
  <testcase classname="com.orangehrm.tests.LoginTest" name="invalidLoginShouldShowError" time="5.015"/>
  <testcase classname="com.orangehrm.tests.LoginTest" name="blankLoginShouldShowRequiredValidation" time="4.004"/>
</testsuite> <!-- com.orangehrm.tests.LoginTest -->
